21:00:59,511 azure.identity._credentials.environment INFO No environment configuration found.
21:00:59,515 azure.identity._credentials.managed_identity INFO ManagedIdentityCredential will use IMDS
21:00:59,881 werkzeug INFO [31m[1mWARNING: This is a development server. Do not use it in a production deployment. Use a production WSGI server instead.[0m
 * Running on all addresses (0.0.0.0)
 * Running on http://127.0.0.1:5001
 * Running on http://192.168.100.47:5001
21:00:59,883 werkzeug INFO [33mPress CTRL+C to quit[0m
21:01:09,416 werkzeug INFO 127.0.0.1 - - [23/Apr/2023 21:01:09] "[33mPOST /traffic_data HTTP/1.1[0m" 404 -
21:01:27,918 werkzeug INFO 127.0.0.1 - - [23/Apr/2023 21:01:27] "[33mPOST /traffic_data HTTP/1.1[0m" 404 -
21:02:23,424 azure.eventhub._pyamqp._connection INFO Connection state changed: None -> <ConnectionState.START: 0>
21:02:23,509 azure.eventhub._pyamqp._connection INFO Connection state changed: <ConnectionState.START: 0> -> <ConnectionState.HDR_SENT: 2>
21:02:23,509 azure.eventhub._pyamqp._connection INFO Connection state changed: <ConnectionState.HDR_SENT: 2> -> <ConnectionState.HDR_SENT: 2>
21:02:23,510 azure.eventhub._pyamqp._connection INFO Connection state changed: <ConnectionState.HDR_SENT: 2> -> <ConnectionState.OPEN_PIPE: 4>
21:02:23,510 azure.eventhub._pyamqp.session INFO Session state changed: <SessionState.UNMAPPED: 0> -> <SessionState.BEGIN_SENT: 1>
21:02:23,510 azure.eventhub._pyamqp.link INFO Link state changed: <LinkState.DETACHED: 0> -> <LinkState.ATTACH_SENT: 1>
21:02:23,510 azure.eventhub._pyamqp.management_link INFO Management link receiver state changed: <LinkState.DETACHED: 0> -> <LinkState.ATTACH_SENT: 1>
21:02:23,511 azure.eventhub._pyamqp.link INFO Link state changed: <LinkState.DETACHED: 0> -> <LinkState.ATTACH_SENT: 1>
21:02:23,511 azure.eventhub._pyamqp.management_link INFO Management link sender state changed: <LinkState.DETACHED: 0> -> <LinkState.ATTACH_SENT: 1>
21:02:23,547 azure.eventhub._pyamqp._connection INFO Connection state changed: <ConnectionState.OPEN_PIPE: 4> -> <ConnectionState.OPEN_SENT: 7>
21:02:23,598 azure.eventhub._pyamqp._connection INFO Connection state changed: <ConnectionState.OPEN_SENT: 7> -> <ConnectionState.OPENED: 9>
21:02:23,650 azure.eventhub._pyamqp.session INFO Session state changed: <SessionState.BEGIN_SENT: 1> -> <SessionState.MAPPED: 3>
21:02:23,700 azure.eventhub._pyamqp.link INFO Link state changed: <LinkState.ATTACH_SENT: 1> -> <LinkState.ATTACHED: 3>
21:02:23,701 azure.eventhub._pyamqp.management_link INFO Management link receiver state changed: <LinkState.ATTACH_SENT: 1> -> <LinkState.ATTACHED: 3>
21:02:23,753 azure.eventhub._pyamqp.link INFO Link state changed: <LinkState.ATTACH_SENT: 1> -> <LinkState.ATTACHED: 3>
21:02:23,753 azure.eventhub._pyamqp.management_link INFO Management link sender state changed: <LinkState.ATTACH_SENT: 1> -> <LinkState.ATTACHED: 3>
21:02:23,958 azure.eventhub._pyamqp.link INFO Link state changed: <LinkState.DETACHED: 0> -> <LinkState.ATTACH_SENT: 1>
21:02:23,997 azure.eventhub._pyamqp.link INFO Link state changed: <LinkState.ATTACH_SENT: 1> -> <LinkState.ATTACHED: 3>
21:02:24,140 werkzeug INFO 127.0.0.1 - - [23/Apr/2023 21:02:24] "POST /up-noah_data HTTP/1.1" 200 -
21:02:37,459 azure.eventhub._pyamqp._connection INFO Connection state changed: None -> <ConnectionState.START: 0>
21:02:37,544 azure.eventhub._pyamqp._connection INFO Connection state changed: <ConnectionState.START: 0> -> <ConnectionState.HDR_SENT: 2>
21:02:37,545 azure.eventhub._pyamqp._connection INFO Connection state changed: <ConnectionState.HDR_SENT: 2> -> <ConnectionState.HDR_SENT: 2>
21:02:37,548 azure.eventhub._pyamqp._connection INFO Connection state changed: <ConnectionState.HDR_SENT: 2> -> <ConnectionState.OPEN_PIPE: 4>
21:02:37,549 azure.eventhub._pyamqp.session INFO Session state changed: <SessionState.UNMAPPED: 0> -> <SessionState.BEGIN_SENT: 1>
21:02:37,549 azure.eventhub._pyamqp.link INFO Link state changed: <LinkState.DETACHED: 0> -> <LinkState.ATTACH_SENT: 1>
21:02:37,549 azure.eventhub._pyamqp.management_link INFO Management link receiver state changed: <LinkState.DETACHED: 0> -> <LinkState.ATTACH_SENT: 1>
21:02:37,550 azure.eventhub._pyamqp.link INFO Link state changed: <LinkState.DETACHED: 0> -> <LinkState.ATTACH_SENT: 1>
21:02:37,550 azure.eventhub._pyamqp.management_link INFO Management link sender state changed: <LinkState.DETACHED: 0> -> <LinkState.ATTACH_SENT: 1>
21:02:37,583 azure.eventhub._pyamqp._connection INFO Connection state changed: <ConnectionState.OPEN_PIPE: 4> -> <ConnectionState.OPEN_SENT: 7>
21:02:37,635 azure.eventhub._pyamqp._connection INFO Connection state changed: <ConnectionState.OPEN_SENT: 7> -> <ConnectionState.OPENED: 9>
21:02:37,687 azure.eventhub._pyamqp.session INFO Session state changed: <SessionState.BEGIN_SENT: 1> -> <SessionState.MAPPED: 3>
21:02:37,738 azure.eventhub._pyamqp.link INFO Link state changed: <LinkState.ATTACH_SENT: 1> -> <LinkState.ATTACHED: 3>
21:02:37,738 azure.eventhub._pyamqp.management_link INFO Management link receiver state changed: <LinkState.ATTACH_SENT: 1> -> <LinkState.ATTACHED: 3>
21:02:37,789 azure.eventhub._pyamqp.link INFO Link state changed: <LinkState.ATTACH_SENT: 1> -> <LinkState.ATTACHED: 3>
21:02:37,789 azure.eventhub._pyamqp.management_link INFO Management link sender state changed: <LinkState.ATTACH_SENT: 1> -> <LinkState.ATTACHED: 3>
21:02:37,993 azure.eventhub._pyamqp.link INFO Link state changed: <LinkState.DETACHED: 0> -> <LinkState.ATTACH_SENT: 1>
21:02:38,34 azure.eventhub._pyamqp.link INFO Link state changed: <LinkState.ATTACH_SENT: 1> -> <LinkState.ATTACHED: 3>
21:02:38,198 werkzeug INFO 127.0.0.1 - - [23/Apr/2023 21:02:38] "POST /up-noah_data HTTP/1.1" 200 -
21:12:43,201 azure.identity._credentials.environment INFO No environment configuration found.
21:12:43,203 azure.identity._credentials.managed_identity INFO ManagedIdentityCredential will use IMDS
21:12:43,537 werkzeug INFO [31m[1mWARNING: This is a development server. Do not use it in a production deployment. Use a production WSGI server instead.[0m
 * Running on all addresses (0.0.0.0)
 * Running on http://127.0.0.1:5001
 * Running on http://192.168.100.47:5001
21:12:43,537 werkzeug INFO [33mPress CTRL+C to quit[0m
21:12:50,279 azure.eventhub._pyamqp._connection INFO Connection state changed: None -> <ConnectionState.START: 0>
21:12:50,367 azure.eventhub._pyamqp._connection INFO Connection state changed: <ConnectionState.START: 0> -> <ConnectionState.HDR_SENT: 2>
21:12:50,367 azure.eventhub._pyamqp._connection INFO Connection state changed: <ConnectionState.HDR_SENT: 2> -> <ConnectionState.HDR_SENT: 2>
21:12:50,368 azure.eventhub._pyamqp._connection INFO Connection state changed: <ConnectionState.HDR_SENT: 2> -> <ConnectionState.OPEN_PIPE: 4>
21:12:50,369 azure.eventhub._pyamqp.session INFO Session state changed: <SessionState.UNMAPPED: 0> -> <SessionState.BEGIN_SENT: 1>
21:12:50,369 azure.eventhub._pyamqp.link INFO Link state changed: <LinkState.DETACHED: 0> -> <LinkState.ATTACH_SENT: 1>
21:12:50,369 azure.eventhub._pyamqp.management_link INFO Management link receiver state changed: <LinkState.DETACHED: 0> -> <LinkState.ATTACH_SENT: 1>
21:12:50,370 azure.eventhub._pyamqp.link INFO Link state changed: <LinkState.DETACHED: 0> -> <LinkState.ATTACH_SENT: 1>
21:12:50,370 azure.eventhub._pyamqp.management_link INFO Management link sender state changed: <LinkState.DETACHED: 0> -> <LinkState.ATTACH_SENT: 1>
21:12:50,409 azure.eventhub._pyamqp._connection INFO Connection state changed: <ConnectionState.OPEN_PIPE: 4> -> <ConnectionState.OPEN_SENT: 7>
21:12:50,459 azure.eventhub._pyamqp._connection INFO Connection state changed: <ConnectionState.OPEN_SENT: 7> -> <ConnectionState.OPENED: 9>
21:12:50,510 azure.eventhub._pyamqp.session INFO Session state changed: <SessionState.BEGIN_SENT: 1> -> <SessionState.MAPPED: 3>
21:12:50,563 azure.eventhub._pyamqp.link INFO Link state changed: <LinkState.ATTACH_SENT: 1> -> <LinkState.ATTACHED: 3>
21:12:50,563 azure.eventhub._pyamqp.management_link INFO Management link receiver state changed: <LinkState.ATTACH_SENT: 1> -> <LinkState.ATTACHED: 3>
21:12:50,614 azure.eventhub._pyamqp.link INFO Link state changed: <LinkState.ATTACH_SENT: 1> -> <LinkState.ATTACHED: 3>
21:12:50,614 azure.eventhub._pyamqp.management_link INFO Management link sender state changed: <LinkState.ATTACH_SENT: 1> -> <LinkState.ATTACHED: 3>
21:12:50,817 azure.eventhub._pyamqp.link INFO Link state changed: <LinkState.DETACHED: 0> -> <LinkState.ATTACH_SENT: 1>
21:12:50,855 azure.eventhub._pyamqp.link INFO Link state changed: <LinkState.ATTACH_SENT: 1> -> <LinkState.ATTACHED: 3>
21:12:51,19 werkzeug INFO 127.0.0.1 - - [23/Apr/2023 21:12:51] "POST /up-noah_data HTTP/1.1" 200 -
21:16:32,105 azure.identity._credentials.environment INFO No environment configuration found.
21:16:32,106 azure.identity._credentials.managed_identity INFO ManagedIdentityCredential will use IMDS
21:16:32,372 werkzeug INFO [31m[1mWARNING: This is a development server. Do not use it in a production deployment. Use a production WSGI server instead.[0m
 * Running on all addresses (0.0.0.0)
 * Running on http://127.0.0.1:5001
 * Running on http://192.168.100.47:5001
21:16:32,372 werkzeug INFO [33mPress CTRL+C to quit[0m
21:16:37,744 azure.eventhub._pyamqp._connection INFO Connection state changed: None -> <ConnectionState.START: 0>
21:16:37,832 azure.eventhub._pyamqp._connection INFO Connection state changed: <ConnectionState.START: 0> -> <ConnectionState.HDR_SENT: 2>
21:16:37,832 azure.eventhub._pyamqp._connection INFO Connection state changed: <ConnectionState.HDR_SENT: 2> -> <ConnectionState.HDR_SENT: 2>
21:16:37,832 azure.eventhub._pyamqp._connection INFO Connection state changed: <ConnectionState.HDR_SENT: 2> -> <ConnectionState.OPEN_PIPE: 4>
21:16:37,833 azure.eventhub._pyamqp.session INFO Session state changed: <SessionState.UNMAPPED: 0> -> <SessionState.BEGIN_SENT: 1>
21:16:37,833 azure.eventhub._pyamqp.link INFO Link state changed: <LinkState.DETACHED: 0> -> <LinkState.ATTACH_SENT: 1>
21:16:37,833 azure.eventhub._pyamqp.management_link INFO Management link receiver state changed: <LinkState.DETACHED: 0> -> <LinkState.ATTACH_SENT: 1>
21:16:37,834 azure.eventhub._pyamqp.link INFO Link state changed: <LinkState.DETACHED: 0> -> <LinkState.ATTACH_SENT: 1>
21:16:37,834 azure.eventhub._pyamqp.management_link INFO Management link sender state changed: <LinkState.DETACHED: 0> -> <LinkState.ATTACH_SENT: 1>
21:16:37,871 azure.eventhub._pyamqp._connection INFO Connection state changed: <ConnectionState.OPEN_PIPE: 4> -> <ConnectionState.OPEN_SENT: 7>
21:16:37,921 azure.eventhub._pyamqp._connection INFO Connection state changed: <ConnectionState.OPEN_SENT: 7> -> <ConnectionState.OPENED: 9>
21:16:37,972 azure.eventhub._pyamqp.session INFO Session state changed: <SessionState.BEGIN_SENT: 1> -> <SessionState.MAPPED: 3>
21:16:38,24 azure.eventhub._pyamqp.link INFO Link state changed: <LinkState.ATTACH_SENT: 1> -> <LinkState.ATTACHED: 3>
21:16:38,24 azure.eventhub._pyamqp.management_link INFO Management link receiver state changed: <LinkState.ATTACH_SENT: 1> -> <LinkState.ATTACHED: 3>
21:16:38,76 azure.eventhub._pyamqp.link INFO Link state changed: <LinkState.ATTACH_SENT: 1> -> <LinkState.ATTACHED: 3>
21:16:38,76 azure.eventhub._pyamqp.management_link INFO Management link sender state changed: <LinkState.ATTACH_SENT: 1> -> <LinkState.ATTACHED: 3>
21:16:38,281 azure.eventhub._pyamqp.link INFO Link state changed: <LinkState.DETACHED: 0> -> <LinkState.ATTACH_SENT: 1>
21:16:38,335 azure.eventhub._pyamqp.link INFO Link state changed: <LinkState.ATTACH_SENT: 1> -> <LinkState.ATTACHED: 3>
21:16:38,511 werkzeug INFO 127.0.0.1 - - [23/Apr/2023 21:16:38] "POST /up-noah_data HTTP/1.1" 200 -
21:17:02,862 werkzeug INFO 127.0.0.1 - - [23/Apr/2023 21:17:02] "[33mPOST /up-noah_datal HTTP/1.1[0m" 404 -
21:19:17,462 azure.eventhub._pyamqp._connection INFO Connection state changed: None -> <ConnectionState.START: 0>
21:19:17,549 azure.eventhub._pyamqp._connection INFO Connection state changed: <ConnectionState.START: 0> -> <ConnectionState.HDR_SENT: 2>
21:19:17,549 azure.eventhub._pyamqp._connection INFO Connection state changed: <ConnectionState.HDR_SENT: 2> -> <ConnectionState.HDR_SENT: 2>
21:19:17,549 azure.eventhub._pyamqp._connection INFO Connection state changed: <ConnectionState.HDR_SENT: 2> -> <ConnectionState.OPEN_PIPE: 4>
21:19:17,550 azure.eventhub._pyamqp.session INFO Session state changed: <SessionState.UNMAPPED: 0> -> <SessionState.BEGIN_SENT: 1>
21:19:17,551 azure.eventhub._pyamqp.link INFO Link state changed: <LinkState.DETACHED: 0> -> <LinkState.ATTACH_SENT: 1>
21:19:17,552 azure.eventhub._pyamqp.management_link INFO Management link receiver state changed: <LinkState.DETACHED: 0> -> <LinkState.ATTACH_SENT: 1>
21:19:17,553 azure.eventhub._pyamqp.link INFO Link state changed: <LinkState.DETACHED: 0> -> <LinkState.ATTACH_SENT: 1>
21:19:17,553 azure.eventhub._pyamqp.management_link INFO Management link sender state changed: <LinkState.DETACHED: 0> -> <LinkState.ATTACH_SENT: 1>
21:19:17,587 azure.eventhub._pyamqp._connection INFO Connection state changed: <ConnectionState.OPEN_PIPE: 4> -> <ConnectionState.OPEN_SENT: 7>
21:19:17,637 azure.eventhub._pyamqp._connection INFO Connection state changed: <ConnectionState.OPEN_SENT: 7> -> <ConnectionState.OPENED: 9>
21:19:17,689 azure.eventhub._pyamqp.session INFO Session state changed: <SessionState.BEGIN_SENT: 1> -> <SessionState.MAPPED: 3>
21:19:17,739 azure.eventhub._pyamqp.link INFO Link state changed: <LinkState.ATTACH_SENT: 1> -> <LinkState.ATTACHED: 3>
21:19:17,739 azure.eventhub._pyamqp.management_link INFO Management link receiver state changed: <LinkState.ATTACH_SENT: 1> -> <LinkState.ATTACHED: 3>
21:19:17,790 azure.eventhub._pyamqp.link INFO Link state changed: <LinkState.ATTACH_SENT: 1> -> <LinkState.ATTACHED: 3>
21:19:17,791 azure.eventhub._pyamqp.management_link INFO Management link sender state changed: <LinkState.ATTACH_SENT: 1> -> <LinkState.ATTACHED: 3>
21:19:17,994 azure.eventhub._pyamqp.link INFO Link state changed: <LinkState.DETACHED: 0> -> <LinkState.ATTACH_SENT: 1>
21:19:18,35 azure.eventhub._pyamqp.link INFO Link state changed: <LinkState.ATTACH_SENT: 1> -> <LinkState.ATTACHED: 3>
21:19:18,177 werkzeug INFO 127.0.0.1 - - [23/Apr/2023 21:19:18] "POST /up-noah_data HTTP/1.1" 200 -
21:26:53,230 azure.identity._credentials.environment INFO No environment configuration found.
21:26:53,232 azure.identity._credentials.managed_identity INFO ManagedIdentityCredential will use IMDS
21:26:53,525 werkzeug INFO [31m[1mWARNING: This is a development server. Do not use it in a production deployment. Use a production WSGI server instead.[0m
 * Running on all addresses (0.0.0.0)
 * Running on http://127.0.0.1:5001
 * Running on http://192.168.100.47:5001
21:26:53,525 werkzeug INFO [33mPress CTRL+C to quit[0m
21:26:58,969 azure.eventhub._pyamqp._connection INFO Connection state changed: None -> <ConnectionState.START: 0>
21:26:59,55 azure.eventhub._pyamqp._connection INFO Connection state changed: <ConnectionState.START: 0> -> <ConnectionState.HDR_SENT: 2>
21:26:59,55 azure.eventhub._pyamqp._connection INFO Connection state changed: <ConnectionState.HDR_SENT: 2> -> <ConnectionState.HDR_SENT: 2>
21:26:59,56 azure.eventhub._pyamqp._connection INFO Connection state changed: <ConnectionState.HDR_SENT: 2> -> <ConnectionState.OPEN_PIPE: 4>
21:26:59,56 azure.eventhub._pyamqp.session INFO Session state changed: <SessionState.UNMAPPED: 0> -> <SessionState.BEGIN_SENT: 1>
21:26:59,57 azure.eventhub._pyamqp.link INFO Link state changed: <LinkState.DETACHED: 0> -> <LinkState.ATTACH_SENT: 1>
21:26:59,57 azure.eventhub._pyamqp.management_link INFO Management link receiver state changed: <LinkState.DETACHED: 0> -> <LinkState.ATTACH_SENT: 1>
21:26:59,58 azure.eventhub._pyamqp.link INFO Link state changed: <LinkState.DETACHED: 0> -> <LinkState.ATTACH_SENT: 1>
21:26:59,58 azure.eventhub._pyamqp.management_link INFO Management link sender state changed: <LinkState.DETACHED: 0> -> <LinkState.ATTACH_SENT: 1>
21:26:59,94 azure.eventhub._pyamqp._connection INFO Connection state changed: <ConnectionState.OPEN_PIPE: 4> -> <ConnectionState.OPEN_SENT: 7>
21:26:59,145 azure.eventhub._pyamqp._connection INFO Connection state changed: <ConnectionState.OPEN_SENT: 7> -> <ConnectionState.OPENED: 9>
21:26:59,196 azure.eventhub._pyamqp.session INFO Session state changed: <SessionState.BEGIN_SENT: 1> -> <SessionState.MAPPED: 3>
21:26:59,247 azure.eventhub._pyamqp.link INFO Link state changed: <LinkState.ATTACH_SENT: 1> -> <LinkState.ATTACHED: 3>
21:26:59,248 azure.eventhub._pyamqp.management_link INFO Management link receiver state changed: <LinkState.ATTACH_SENT: 1> -> <LinkState.ATTACHED: 3>
21:26:59,301 azure.eventhub._pyamqp.link INFO Link state changed: <LinkState.ATTACH_SENT: 1> -> <LinkState.ATTACHED: 3>
21:26:59,302 azure.eventhub._pyamqp.management_link INFO Management link sender state changed: <LinkState.ATTACH_SENT: 1> -> <LinkState.ATTACHED: 3>
21:26:59,510 azure.eventhub._pyamqp.link INFO Link state changed: <LinkState.DETACHED: 0> -> <LinkState.ATTACH_SENT: 1>
21:26:59,781 azure.eventhub._pyamqp.link INFO Cannot get source or target. Detaching link
21:26:59,781 azure.eventhub._pyamqp.link INFO Link state changed: <LinkState.ATTACH_SENT: 1> -> <LinkState.DETACHED: 0>
21:26:59,781 azure.eventhub._pyamqp.session ERROR Unable to attach new link: ValueError('Invalid link')
21:26:59,833 azure.eventhub._pyamqp.link INFO Link state changed: <LinkState.DETACHED: 0> -> <LinkState.ERROR: 6>
21:26:59,883 azure.eventhub._pyamqp.link INFO Link state changed: <LinkState.ATTACHED: 3> -> <LinkState.DETACH_SENT: 4>
21:26:59,884 azure.eventhub._pyamqp.management_link INFO Management link receiver state changed: <LinkState.ATTACHED: 3> -> <LinkState.DETACH_SENT: 4>
21:26:59,884 azure.eventhub._pyamqp.link INFO Link state changed: <LinkState.ATTACHED: 3> -> <LinkState.DETACH_SENT: 4>
21:26:59,884 azure.eventhub._pyamqp.management_link INFO Management link sender state changed: <LinkState.ATTACHED: 3> -> <LinkState.DETACH_SENT: 4>
21:26:59,885 azure.eventhub._pyamqp.link INFO An error occurred when detaching the link: AMQPConnectionError('Error condition: ErrorCondition.InternalError\n Error Description: Link already closed.')
21:26:59,885 azure.eventhub._pyamqp.link INFO Link state changed: <LinkState.DETACH_SENT: 4> -> <LinkState.DETACHED: 0>
21:26:59,885 azure.eventhub._pyamqp.management_link INFO Management link sender state changed: <LinkState.DETACH_SENT: 4> -> <LinkState.DETACHED: 0>
21:26:59,885 azure.eventhub._pyamqp.link INFO An error occurred when detaching the link: AMQPConnectionError('Error condition: ErrorCondition.InternalError\n Error Description: Link already closed.')
21:26:59,885 azure.eventhub._pyamqp.link INFO Link state changed: <LinkState.DETACH_SENT: 4> -> <LinkState.DETACHED: 0>
21:26:59,885 azure.eventhub._pyamqp.management_link INFO Management link receiver state changed: <LinkState.DETACH_SENT: 4> -> <LinkState.DETACHED: 0>
21:26:59,885 azure.eventhub._pyamqp.session INFO Session state changed: <SessionState.MAPPED: 3> -> <SessionState.END_SENT: 4>
21:26:59,885 azure.eventhub._pyamqp._connection INFO Connection state changed: <ConnectionState.OPENED: 9> -> <ConnectionState.CLOSE_SENT: 11>
21:26:59,886 azure.eventhub._pyamqp._connection INFO Connection state changed: <ConnectionState.CLOSE_SENT: 11> -> <ConnectionState.END: 13>
21:26:59,886 azure.eventhub._pyamqp.session INFO Session state changed: <SessionState.END_SENT: 4> -> <SessionState.DISCARDING: 6>
21:26:59,886 azure.eventhub._pyamqp.link INFO Link state changed: <LinkState.DETACHED: 0> -> <LinkState.DETACHED: 0>
21:26:59,886 azure.eventhub._pyamqp.management_link INFO Management link sender state changed: <LinkState.DETACHED: 0> -> <LinkState.DETACHED: 0>
21:26:59,886 azure.eventhub._pyamqp.link INFO Link state changed: <LinkState.DETACHED: 0> -> <LinkState.DETACHED: 0>
21:26:59,886 azure.eventhub._pyamqp.management_link INFO Management link receiver state changed: <LinkState.DETACHED: 0> -> <LinkState.DETACHED: 0>
21:26:59,886 azure.eventhub._pyamqp.link INFO Link state changed: <LinkState.ERROR: 6> -> <LinkState.DETACHED: 0>
21:27:00,725 azure.eventhub._client_base INFO 'EHProducer-595f8a06-99a2-4d06-8061-4b2d5633278d' has an exception (ConnectionLostError("Unauthorized access. 'Send' claim(s) are required to perform this operation. Resource: 'sb://traffic-poc.servicebus.windows.net/webhookdata'. TrackingId:73046b0b7bfd4746b975966476cb4b49_G8S3, SystemTracker:gateway5, Timestamp:2023-04-23T21:27:00\nError condition: amqp:unauthorized-access\n Error Description: Unauthorized access. 'Send' claim(s) are required to perform this operation. Resource: 'sb://traffic-poc.servicebus.windows.net/webhookdata'. TrackingId:73046b0b7bfd4746b975966476cb4b49_G8S3, SystemTracker:gateway5, Timestamp:2023-04-23T21:27:00")). Retrying...
21:27:01,75 azure.eventhub._pyamqp._connection INFO Connection state changed: None -> <ConnectionState.START: 0>
21:27:01,166 azure.eventhub._pyamqp._connection INFO Connection state changed: <ConnectionState.START: 0> -> <ConnectionState.HDR_SENT: 2>
21:27:01,167 azure.eventhub._pyamqp._connection INFO Connection state changed: <ConnectionState.HDR_SENT: 2> -> <ConnectionState.HDR_SENT: 2>
21:27:01,167 azure.eventhub._pyamqp._connection INFO Connection state changed: <ConnectionState.HDR_SENT: 2> -> <ConnectionState.OPEN_PIPE: 4>
21:27:01,167 azure.eventhub._pyamqp.session INFO Session state changed: <SessionState.UNMAPPED: 0> -> <SessionState.BEGIN_SENT: 1>
21:27:01,168 azure.eventhub._pyamqp.link INFO Link state changed: <LinkState.DETACHED: 0> -> <LinkState.ATTACH_SENT: 1>
21:27:01,168 azure.eventhub._pyamqp.management_link INFO Management link receiver state changed: <LinkState.DETACHED: 0> -> <LinkState.ATTACH_SENT: 1>
21:27:01,168 azure.eventhub._pyamqp.link INFO Link state changed: <LinkState.DETACHED: 0> -> <LinkState.ATTACH_SENT: 1>
21:27:01,168 azure.eventhub._pyamqp.management_link INFO Management link sender state changed: <LinkState.DETACHED: 0> -> <LinkState.ATTACH_SENT: 1>
21:27:01,208 azure.eventhub._pyamqp._connection INFO Connection state changed: <ConnectionState.OPEN_PIPE: 4> -> <ConnectionState.OPEN_SENT: 7>
21:27:01,258 azure.eventhub._pyamqp._connection INFO Connection state changed: <ConnectionState.OPEN_SENT: 7> -> <ConnectionState.OPENED: 9>
21:27:01,309 azure.eventhub._pyamqp.session INFO Session state changed: <SessionState.BEGIN_SENT: 1> -> <SessionState.MAPPED: 3>
21:27:01,360 azure.eventhub._pyamqp.link INFO Link state changed: <LinkState.ATTACH_SENT: 1> -> <LinkState.ATTACHED: 3>
21:27:01,360 azure.eventhub._pyamqp.management_link INFO Management link receiver state changed: <LinkState.ATTACH_SENT: 1> -> <LinkState.ATTACHED: 3>
21:27:01,412 azure.eventhub._pyamqp.link INFO Link state changed: <LinkState.ATTACH_SENT: 1> -> <LinkState.ATTACHED: 3>
21:27:01,412 azure.eventhub._pyamqp.management_link INFO Management link sender state changed: <LinkState.ATTACH_SENT: 1> -> <LinkState.ATTACHED: 3>
21:27:01,619 azure.eventhub._pyamqp.link INFO Link state changed: <LinkState.DETACHED: 0> -> <LinkState.ATTACH_SENT: 1>
21:27:01,900 azure.eventhub._pyamqp.link INFO Cannot get source or target. Detaching link
21:27:01,900 azure.eventhub._pyamqp.link INFO Link state changed: <LinkState.ATTACH_SENT: 1> -> <LinkState.DETACHED: 0>
21:27:01,900 azure.eventhub._pyamqp.session ERROR Unable to attach new link: ValueError('Invalid link')
21:27:01,951 azure.eventhub._pyamqp.link INFO Link state changed: <LinkState.DETACHED: 0> -> <LinkState.ERROR: 6>
21:27:02,1 azure.eventhub._pyamqp.link INFO Link state changed: <LinkState.ATTACHED: 3> -> <LinkState.DETACH_SENT: 4>
21:27:02,2 azure.eventhub._pyamqp.management_link INFO Management link receiver state changed: <LinkState.ATTACHED: 3> -> <LinkState.DETACH_SENT: 4>
21:27:02,2 azure.eventhub._pyamqp.link INFO Link state changed: <LinkState.ATTACHED: 3> -> <LinkState.DETACH_SENT: 4>
21:27:02,2 azure.eventhub._pyamqp.management_link INFO Management link sender state changed: <LinkState.ATTACHED: 3> -> <LinkState.DETACH_SENT: 4>
21:27:02,2 azure.eventhub._pyamqp.link INFO An error occurred when detaching the link: AMQPConnectionError('Error condition: ErrorCondition.InternalError\n Error Description: Link already closed.')
21:27:02,2 azure.eventhub._pyamqp.link INFO Link state changed: <LinkState.DETACH_SENT: 4> -> <LinkState.DETACHED: 0>
21:27:02,2 azure.eventhub._pyamqp.management_link INFO Management link sender state changed: <LinkState.DETACH_SENT: 4> -> <LinkState.DETACHED: 0>
21:27:02,2 azure.eventhub._pyamqp.link INFO An error occurred when detaching the link: AMQPConnectionError('Error condition: ErrorCondition.InternalError\n Error Description: Link already closed.')
21:27:02,2 azure.eventhub._pyamqp.link INFO Link state changed: <LinkState.DETACH_SENT: 4> -> <LinkState.DETACHED: 0>
21:27:02,3 azure.eventhub._pyamqp.management_link INFO Management link receiver state changed: <LinkState.DETACH_SENT: 4> -> <LinkState.DETACHED: 0>
21:27:02,3 azure.eventhub._pyamqp.session INFO Session state changed: <SessionState.MAPPED: 3> -> <SessionState.END_SENT: 4>
21:27:02,3 azure.eventhub._pyamqp._connection INFO Connection state changed: <ConnectionState.OPENED: 9> -> <ConnectionState.CLOSE_SENT: 11>
21:27:02,3 azure.eventhub._pyamqp._connection INFO Connection state changed: <ConnectionState.CLOSE_SENT: 11> -> <ConnectionState.END: 13>
21:27:02,3 azure.eventhub._pyamqp.session INFO Session state changed: <SessionState.END_SENT: 4> -> <SessionState.DISCARDING: 6>
21:27:02,3 azure.eventhub._pyamqp.link INFO Link state changed: <LinkState.DETACHED: 0> -> <LinkState.DETACHED: 0>
21:27:02,3 azure.eventhub._pyamqp.management_link INFO Management link sender state changed: <LinkState.DETACHED: 0> -> <LinkState.DETACHED: 0>
21:27:02,4 azure.eventhub._pyamqp.link INFO Link state changed: <LinkState.DETACHED: 0> -> <LinkState.DETACHED: 0>
21:27:02,4 azure.eventhub._pyamqp.management_link INFO Management link receiver state changed: <LinkState.DETACHED: 0> -> <LinkState.DETACHED: 0>
21:27:02,4 azure.eventhub._pyamqp.link INFO Link state changed: <LinkState.ERROR: 6> -> <LinkState.DETACHED: 0>
21:27:03,643 azure.eventhub._client_base INFO 'EHProducer-595f8a06-99a2-4d06-8061-4b2d5633278d' has an exception (ConnectionLostError("Unauthorized access. 'Send' claim(s) are required to perform this operation. Resource: 'sb://traffic-poc.servicebus.windows.net/webhookdata'. TrackingId:738d2948ec294da7bfccb001c5b9fce0_G2S3, SystemTracker:gateway5, Timestamp:2023-04-23T21:27:02\nError condition: amqp:unauthorized-access\n Error Description: Unauthorized access. 'Send' claim(s) are required to perform this operation. Resource: 'sb://traffic-poc.servicebus.windows.net/webhookdata'. TrackingId:738d2948ec294da7bfccb001c5b9fce0_G2S3, SystemTracker:gateway5, Timestamp:2023-04-23T21:27:02")). Retrying...
21:27:03,966 azure.eventhub._pyamqp._connection INFO Connection state changed: None -> <ConnectionState.START: 0>
21:27:04,49 azure.eventhub._pyamqp._connection INFO Connection state changed: <ConnectionState.START: 0> -> <ConnectionState.HDR_SENT: 2>
21:27:04,49 azure.eventhub._pyamqp._connection INFO Connection state changed: <ConnectionState.HDR_SENT: 2> -> <ConnectionState.HDR_SENT: 2>
21:27:04,50 azure.eventhub._pyamqp._connection INFO Connection state changed: <ConnectionState.HDR_SENT: 2> -> <ConnectionState.OPEN_PIPE: 4>
21:27:04,50 azure.eventhub._pyamqp.session INFO Session state changed: <SessionState.UNMAPPED: 0> -> <SessionState.BEGIN_SENT: 1>
21:27:04,51 azure.eventhub._pyamqp.link INFO Link state changed: <LinkState.DETACHED: 0> -> <LinkState.ATTACH_SENT: 1>
21:27:04,51 azure.eventhub._pyamqp.management_link INFO Management link receiver state changed: <LinkState.DETACHED: 0> -> <LinkState.ATTACH_SENT: 1>
21:27:04,52 azure.eventhub._pyamqp.link INFO Link state changed: <LinkState.DETACHED: 0> -> <LinkState.ATTACH_SENT: 1>
21:27:04,52 azure.eventhub._pyamqp.management_link INFO Management link sender state changed: <LinkState.DETACHED: 0> -> <LinkState.ATTACH_SENT: 1>
21:27:04,91 azure.eventhub._pyamqp._connection INFO Connection state changed: <ConnectionState.OPEN_PIPE: 4> -> <ConnectionState.OPEN_SENT: 7>
21:27:04,142 azure.eventhub._pyamqp._connection INFO Connection state changed: <ConnectionState.OPEN_SENT: 7> -> <ConnectionState.OPENED: 9>
21:27:04,193 azure.eventhub._pyamqp.session INFO Session state changed: <SessionState.BEGIN_SENT: 1> -> <SessionState.MAPPED: 3>
21:27:04,244 azure.eventhub._pyamqp.link INFO Link state changed: <LinkState.ATTACH_SENT: 1> -> <LinkState.ATTACHED: 3>
21:27:04,244 azure.eventhub._pyamqp.management_link INFO Management link receiver state changed: <LinkState.ATTACH_SENT: 1> -> <LinkState.ATTACHED: 3>
21:27:04,296 azure.eventhub._pyamqp.link INFO Link state changed: <LinkState.ATTACH_SENT: 1> -> <LinkState.ATTACHED: 3>
21:27:04,296 azure.eventhub._pyamqp.management_link INFO Management link sender state changed: <LinkState.ATTACH_SENT: 1> -> <LinkState.ATTACHED: 3>
21:27:04,500 azure.eventhub._pyamqp.link INFO Link state changed: <LinkState.DETACHED: 0> -> <LinkState.ATTACH_SENT: 1>
21:27:04,681 azure.eventhub._pyamqp.link INFO Cannot get source or target. Detaching link
21:27:04,681 azure.eventhub._pyamqp.link INFO Link state changed: <LinkState.ATTACH_SENT: 1> -> <LinkState.DETACHED: 0>
21:27:04,681 azure.eventhub._pyamqp.session ERROR Unable to attach new link: ValueError('Invalid link')
21:27:04,731 azure.eventhub._pyamqp.link INFO Link state changed: <LinkState.DETACHED: 0> -> <LinkState.ERROR: 6>
21:27:04,783 azure.eventhub._pyamqp.link INFO Link state changed: <LinkState.ATTACHED: 3> -> <LinkState.DETACH_SENT: 4>
21:27:04,783 azure.eventhub._pyamqp.management_link INFO Management link receiver state changed: <LinkState.ATTACHED: 3> -> <LinkState.DETACH_SENT: 4>
21:27:04,783 azure.eventhub._pyamqp.link INFO Link state changed: <LinkState.ATTACHED: 3> -> <LinkState.DETACH_SENT: 4>
21:27:04,783 azure.eventhub._pyamqp.management_link INFO Management link sender state changed: <LinkState.ATTACHED: 3> -> <LinkState.DETACH_SENT: 4>
21:27:04,784 azure.eventhub._pyamqp.link INFO An error occurred when detaching the link: AMQPConnectionError('Error condition: ErrorCondition.InternalError\n Error Description: Link already closed.')
21:27:04,784 azure.eventhub._pyamqp.link INFO Link state changed: <LinkState.DETACH_SENT: 4> -> <LinkState.DETACHED: 0>
21:27:04,784 azure.eventhub._pyamqp.management_link INFO Management link sender state changed: <LinkState.DETACH_SENT: 4> -> <LinkState.DETACHED: 0>
21:27:04,784 azure.eventhub._pyamqp.link INFO An error occurred when detaching the link: AMQPConnectionError('Error condition: ErrorCondition.InternalError\n Error Description: Link already closed.')
21:27:04,784 azure.eventhub._pyamqp.link INFO Link state changed: <LinkState.DETACH_SENT: 4> -> <LinkState.DETACHED: 0>
21:27:04,784 azure.eventhub._pyamqp.management_link INFO Management link receiver state changed: <LinkState.DETACH_SENT: 4> -> <LinkState.DETACHED: 0>
21:27:04,784 azure.eventhub._pyamqp.session INFO Session state changed: <SessionState.MAPPED: 3> -> <SessionState.END_SENT: 4>
21:27:04,785 azure.eventhub._pyamqp._connection INFO Connection state changed: <ConnectionState.OPENED: 9> -> <ConnectionState.CLOSE_SENT: 11>
21:27:04,785 azure.eventhub._pyamqp._connection INFO Connection state changed: <ConnectionState.CLOSE_SENT: 11> -> <ConnectionState.END: 13>
21:27:04,785 azure.eventhub._pyamqp.session INFO Session state changed: <SessionState.END_SENT: 4> -> <SessionState.DISCARDING: 6>
21:27:04,785 azure.eventhub._pyamqp.link INFO Link state changed: <LinkState.DETACHED: 0> -> <LinkState.DETACHED: 0>
21:27:04,785 azure.eventhub._pyamqp.management_link INFO Management link sender state changed: <LinkState.DETACHED: 0> -> <LinkState.DETACHED: 0>
21:27:04,785 azure.eventhub._pyamqp.link INFO Link state changed: <LinkState.DETACHED: 0> -> <LinkState.DETACHED: 0>
21:27:04,785 azure.eventhub._pyamqp.management_link INFO Management link receiver state changed: <LinkState.DETACHED: 0> -> <LinkState.DETACHED: 0>
21:27:04,786 azure.eventhub._pyamqp.link INFO Link state changed: <LinkState.ERROR: 6> -> <LinkState.DETACHED: 0>
21:27:08,27 azure.eventhub._client_base INFO 'EHProducer-595f8a06-99a2-4d06-8061-4b2d5633278d' has an exception (ConnectionLostError("Unauthorized access. 'Send' claim(s) are required to perform this operation. Resource: 'sb://traffic-poc.servicebus.windows.net/webhookdata'. TrackingId:e82837002af0443086ff7af3768c9075_G1S3, SystemTracker:gateway5, Timestamp:2023-04-23T21:27:05\nError condition: amqp:unauthorized-access\n Error Description: Unauthorized access. 'Send' claim(s) are required to perform this operation. Resource: 'sb://traffic-poc.servicebus.windows.net/webhookdata'. TrackingId:e82837002af0443086ff7af3768c9075_G1S3, SystemTracker:gateway5, Timestamp:2023-04-23T21:27:05")). Retrying...
21:27:08,351 azure.eventhub._pyamqp._connection INFO Connection state changed: None -> <ConnectionState.START: 0>
21:27:08,437 azure.eventhub._pyamqp._connection INFO Connection state changed: <ConnectionState.START: 0> -> <ConnectionState.HDR_SENT: 2>
21:27:08,437 azure.eventhub._pyamqp._connection INFO Connection state changed: <ConnectionState.HDR_SENT: 2> -> <ConnectionState.HDR_SENT: 2>
21:27:08,438 azure.eventhub._pyamqp._connection INFO Connection state changed: <ConnectionState.HDR_SENT: 2> -> <ConnectionState.OPEN_PIPE: 4>
21:27:08,438 azure.eventhub._pyamqp.session INFO Session state changed: <SessionState.UNMAPPED: 0> -> <SessionState.BEGIN_SENT: 1>
21:27:08,439 azure.eventhub._pyamqp.link INFO Link state changed: <LinkState.DETACHED: 0> -> <LinkState.ATTACH_SENT: 1>
21:27:08,439 azure.eventhub._pyamqp.management_link INFO Management link receiver state changed: <LinkState.DETACHED: 0> -> <LinkState.ATTACH_SENT: 1>
21:27:08,439 azure.eventhub._pyamqp.link INFO Link state changed: <LinkState.DETACHED: 0> -> <LinkState.ATTACH_SENT: 1>
21:27:08,440 azure.eventhub._pyamqp.management_link INFO Management link sender state changed: <LinkState.DETACHED: 0> -> <LinkState.ATTACH_SENT: 1>
21:27:08,474 azure.eventhub._pyamqp._connection INFO Connection state changed: <ConnectionState.OPEN_PIPE: 4> -> <ConnectionState.OPEN_SENT: 7>
21:27:08,526 azure.eventhub._pyamqp._connection INFO Connection state changed: <ConnectionState.OPEN_SENT: 7> -> <ConnectionState.OPENED: 9>
21:27:08,576 azure.eventhub._pyamqp.session INFO Session state changed: <SessionState.BEGIN_SENT: 1> -> <SessionState.MAPPED: 3>
21:27:08,628 azure.eventhub._pyamqp.link INFO Link state changed: <LinkState.ATTACH_SENT: 1> -> <LinkState.ATTACHED: 3>
21:27:08,628 azure.eventhub._pyamqp.management_link INFO Management link receiver state changed: <LinkState.ATTACH_SENT: 1> -> <LinkState.ATTACHED: 3>
21:27:08,679 azure.eventhub._pyamqp.link INFO Link state changed: <LinkState.ATTACH_SENT: 1> -> <LinkState.ATTACHED: 3>
21:27:08,679 azure.eventhub._pyamqp.management_link INFO Management link sender state changed: <LinkState.ATTACH_SENT: 1> -> <LinkState.ATTACHED: 3>
21:27:08,883 azure.eventhub._pyamqp.link INFO Link state changed: <LinkState.DETACHED: 0> -> <LinkState.ATTACH_SENT: 1>
21:27:09,136 azure.eventhub._pyamqp.link INFO Cannot get source or target. Detaching link
21:27:09,136 azure.eventhub._pyamqp.link INFO Link state changed: <LinkState.ATTACH_SENT: 1> -> <LinkState.DETACHED: 0>
21:27:09,136 azure.eventhub._pyamqp.session ERROR Unable to attach new link: ValueError('Invalid link')
21:27:09,188 azure.eventhub._pyamqp.link INFO Link state changed: <LinkState.DETACHED: 0> -> <LinkState.ERROR: 6>
21:27:09,238 azure.eventhub._pyamqp.link INFO Link state changed: <LinkState.ATTACHED: 3> -> <LinkState.DETACH_SENT: 4>
21:27:09,239 azure.eventhub._pyamqp.management_link INFO Management link receiver state changed: <LinkState.ATTACHED: 3> -> <LinkState.DETACH_SENT: 4>
21:27:09,239 azure.eventhub._pyamqp.link INFO Link state changed: <LinkState.ATTACHED: 3> -> <LinkState.DETACH_SENT: 4>
21:27:09,239 azure.eventhub._pyamqp.management_link INFO Management link sender state changed: <LinkState.ATTACHED: 3> -> <LinkState.DETACH_SENT: 4>
21:27:09,239 azure.eventhub._pyamqp.link INFO An error occurred when detaching the link: AMQPConnectionError('Error condition: ErrorCondition.InternalError\n Error Description: Link already closed.')
21:27:09,240 azure.eventhub._pyamqp.link INFO Link state changed: <LinkState.DETACH_SENT: 4> -> <LinkState.DETACHED: 0>
21:27:09,240 azure.eventhub._pyamqp.management_link INFO Management link sender state changed: <LinkState.DETACH_SENT: 4> -> <LinkState.DETACHED: 0>
21:27:09,240 azure.eventhub._pyamqp.link INFO An error occurred when detaching the link: AMQPConnectionError('Error condition: ErrorCondition.InternalError\n Error Description: Link already closed.')
21:27:09,240 azure.eventhub._pyamqp.link INFO Link state changed: <LinkState.DETACH_SENT: 4> -> <LinkState.DETACHED: 0>
21:27:09,240 azure.eventhub._pyamqp.management_link INFO Management link receiver state changed: <LinkState.DETACH_SENT: 4> -> <LinkState.DETACHED: 0>
21:27:09,240 azure.eventhub._pyamqp.session INFO Session state changed: <SessionState.MAPPED: 3> -> <SessionState.END_SENT: 4>
21:27:09,241 azure.eventhub._pyamqp._connection INFO Connection state changed: <ConnectionState.OPENED: 9> -> <ConnectionState.CLOSE_SENT: 11>
21:27:09,241 azure.eventhub._pyamqp._connection INFO Connection state changed: <ConnectionState.CLOSE_SENT: 11> -> <ConnectionState.END: 13>
21:27:09,241 azure.eventhub._pyamqp.session INFO Session state changed: <SessionState.END_SENT: 4> -> <SessionState.DISCARDING: 6>
21:27:09,241 azure.eventhub._pyamqp.link INFO Link state changed: <LinkState.DETACHED: 0> -> <LinkState.DETACHED: 0>
21:27:09,241 azure.eventhub._pyamqp.management_link INFO Management link sender state changed: <LinkState.DETACHED: 0> -> <LinkState.DETACHED: 0>
21:27:09,241 azure.eventhub._pyamqp.link INFO Link state changed: <LinkState.DETACHED: 0> -> <LinkState.DETACHED: 0>
21:27:09,241 azure.eventhub._pyamqp.management_link INFO Management link receiver state changed: <LinkState.DETACHED: 0> -> <LinkState.DETACHED: 0>
21:27:09,241 azure.eventhub._pyamqp.link INFO Link state changed: <LinkState.ERROR: 6> -> <LinkState.DETACHED: 0>
21:27:15,685 azure.eventhub._client_base INFO 'EHProducer-595f8a06-99a2-4d06-8061-4b2d5633278d' has an exception (ConnectionLostError("Unauthorized access. 'Send' claim(s) are required to perform this operation. Resource: 'sb://traffic-poc.servicebus.windows.net/webhookdata'. TrackingId:738d2948ec294da7bfccb001c5b9fce0_G2S3, SystemTracker:gateway5, Timestamp:2023-04-23T21:27:09\nError condition: amqp:unauthorized-access\n Error Description: Unauthorized access. 'Send' claim(s) are required to perform this operation. Resource: 'sb://traffic-poc.servicebus.windows.net/webhookdata'. TrackingId:738d2948ec294da7bfccb001c5b9fce0_G2S3, SystemTracker:gateway5, Timestamp:2023-04-23T21:27:09")). Retrying...
21:27:15,685 azure.eventhub._client_base INFO 'EHProducer-595f8a06-99a2-4d06-8061-4b2d5633278d' operation has exhausted retry. Last exception: ConnectionLostError("Unauthorized access. 'Send' claim(s) are required to perform this operation. Resource: 'sb://traffic-poc.servicebus.windows.net/webhookdata'. TrackingId:738d2948ec294da7bfccb001c5b9fce0_G2S3, SystemTracker:gateway5, Timestamp:2023-04-23T21:27:09\nError condition: amqp:unauthorized-access\n Error Description: Unauthorized access. 'Send' claim(s) are required to perform this operation. Resource: 'sb://traffic-poc.servicebus.windows.net/webhookdata'. TrackingId:738d2948ec294da7bfccb001c5b9fce0_G2S3, SystemTracker:gateway5, Timestamp:2023-04-23T21:27:09").
21:27:15,686 root ERROR ERROR: Unauthorized access. 'Send' claim(s) are required to perform this operation. Resource: 'sb://traffic-poc.servicebus.windows.net/webhookdata'. TrackingId:738d2948ec294da7bfccb001c5b9fce0_G2S3, SystemTracker:gateway5, Timestamp:2023-04-23T21:27:09
Error condition: amqp:unauthorized-access
 Error Description: Unauthorized access. 'Send' claim(s) are required to perform this operation. Resource: 'sb://traffic-poc.servicebus.windows.net/webhookdata'. TrackingId:738d2948ec294da7bfccb001c5b9fce0_G2S3, SystemTracker:gateway5, Timestamp:2023-04-23T21:27:09
21:27:15,687 werkzeug INFO 127.0.0.1 - - [23/Apr/2023 21:27:15] "[35m[1mPOST /up-noah_data HTTP/1.1[0m" 501 -
21:30:50,419 azure.identity._credentials.environment INFO No environment configuration found.
21:30:50,421 azure.identity._credentials.managed_identity INFO ManagedIdentityCredential will use IMDS
21:30:50,678 werkzeug INFO [31m[1mWARNING: This is a development server. Do not use it in a production deployment. Use a production WSGI server instead.[0m
 * Running on all addresses (0.0.0.0)
 * Running on http://127.0.0.1:5001
 * Running on http://192.168.100.47:5001
21:30:50,678 werkzeug INFO [33mPress CTRL+C to quit[0m
21:30:54,637 azure.eventhub._pyamqp._connection INFO Connection state changed: None -> <ConnectionState.START: 0>
21:30:54,723 azure.eventhub._pyamqp._connection INFO Connection state changed: <ConnectionState.START: 0> -> <ConnectionState.HDR_SENT: 2>
21:30:54,723 azure.eventhub._pyamqp._connection INFO Connection state changed: <ConnectionState.HDR_SENT: 2> -> <ConnectionState.HDR_SENT: 2>
21:30:54,724 azure.eventhub._pyamqp._connection INFO Connection state changed: <ConnectionState.HDR_SENT: 2> -> <ConnectionState.OPEN_PIPE: 4>
21:30:54,724 azure.eventhub._pyamqp.session INFO Session state changed: <SessionState.UNMAPPED: 0> -> <SessionState.BEGIN_SENT: 1>
21:30:54,725 azure.eventhub._pyamqp.link INFO Link state changed: <LinkState.DETACHED: 0> -> <LinkState.ATTACH_SENT: 1>
21:30:54,725 azure.eventhub._pyamqp.management_link INFO Management link receiver state changed: <LinkState.DETACHED: 0> -> <LinkState.ATTACH_SENT: 1>
21:30:54,725 azure.eventhub._pyamqp.link INFO Link state changed: <LinkState.DETACHED: 0> -> <LinkState.ATTACH_SENT: 1>
21:30:54,725 azure.eventhub._pyamqp.management_link INFO Management link sender state changed: <LinkState.DETACHED: 0> -> <LinkState.ATTACH_SENT: 1>
21:30:54,763 azure.eventhub._pyamqp._connection INFO Connection state changed: <ConnectionState.OPEN_PIPE: 4> -> <ConnectionState.OPEN_SENT: 7>
21:30:54,815 azure.eventhub._pyamqp._connection INFO Connection state changed: <ConnectionState.OPEN_SENT: 7> -> <ConnectionState.OPENED: 9>
21:30:54,866 azure.eventhub._pyamqp.session INFO Session state changed: <SessionState.BEGIN_SENT: 1> -> <SessionState.MAPPED: 3>
21:30:54,917 azure.eventhub._pyamqp.link INFO Link state changed: <LinkState.ATTACH_SENT: 1> -> <LinkState.ATTACHED: 3>
21:30:54,917 azure.eventhub._pyamqp.management_link INFO Management link receiver state changed: <LinkState.ATTACH_SENT: 1> -> <LinkState.ATTACHED: 3>
21:30:54,969 azure.eventhub._pyamqp.link INFO Link state changed: <LinkState.ATTACH_SENT: 1> -> <LinkState.ATTACHED: 3>
21:30:54,969 azure.eventhub._pyamqp.management_link INFO Management link sender state changed: <LinkState.ATTACH_SENT: 1> -> <LinkState.ATTACHED: 3>
21:30:55,173 azure.eventhub._pyamqp.link INFO Link state changed: <LinkState.DETACHED: 0> -> <LinkState.ATTACH_SENT: 1>
21:30:55,214 azure.eventhub._pyamqp.link INFO Link state changed: <LinkState.ATTACH_SENT: 1> -> <LinkState.ATTACHED: 3>
21:30:55,342 werkzeug INFO 127.0.0.1 - - [23/Apr/2023 21:30:55] "POST /up-noah_data HTTP/1.1" 200 -
21:31:13,114 azure.eventhub._pyamqp._connection INFO Connection state changed: None -> <ConnectionState.START: 0>
21:31:13,205 azure.eventhub._pyamqp._connection INFO Connection state changed: <ConnectionState.START: 0> -> <ConnectionState.HDR_SENT: 2>
21:31:13,205 azure.eventhub._pyamqp._connection INFO Connection state changed: <ConnectionState.HDR_SENT: 2> -> <ConnectionState.HDR_SENT: 2>
21:31:13,206 azure.eventhub._pyamqp._connection INFO Connection state changed: <ConnectionState.HDR_SENT: 2> -> <ConnectionState.OPEN_PIPE: 4>
21:31:13,206 azure.eventhub._pyamqp.session INFO Session state changed: <SessionState.UNMAPPED: 0> -> <SessionState.BEGIN_SENT: 1>
21:31:13,207 azure.eventhub._pyamqp.link INFO Link state changed: <LinkState.DETACHED: 0> -> <LinkState.ATTACH_SENT: 1>
21:31:13,207 azure.eventhub._pyamqp.management_link INFO Management link receiver state changed: <LinkState.DETACHED: 0> -> <LinkState.ATTACH_SENT: 1>
21:31:13,207 azure.eventhub._pyamqp.link INFO Link state changed: <LinkState.DETACHED: 0> -> <LinkState.ATTACH_SENT: 1>
21:31:13,207 azure.eventhub._pyamqp.management_link INFO Management link sender state changed: <LinkState.DETACHED: 0> -> <LinkState.ATTACH_SENT: 1>
21:31:13,244 azure.eventhub._pyamqp._connection INFO Connection state changed: <ConnectionState.OPEN_PIPE: 4> -> <ConnectionState.OPEN_SENT: 7>
21:31:13,295 azure.eventhub._pyamqp._connection INFO Connection state changed: <ConnectionState.OPEN_SENT: 7> -> <ConnectionState.OPENED: 9>
21:31:13,347 azure.eventhub._pyamqp.session INFO Session state changed: <SessionState.BEGIN_SENT: 1> -> <SessionState.MAPPED: 3>
21:31:13,398 azure.eventhub._pyamqp.link INFO Link state changed: <LinkState.ATTACH_SENT: 1> -> <LinkState.ATTACHED: 3>
21:31:13,398 azure.eventhub._pyamqp.management_link INFO Management link receiver state changed: <LinkState.ATTACH_SENT: 1> -> <LinkState.ATTACHED: 3>
21:31:13,450 azure.eventhub._pyamqp.link INFO Link state changed: <LinkState.ATTACH_SENT: 1> -> <LinkState.ATTACHED: 3>
21:31:13,450 azure.eventhub._pyamqp.management_link INFO Management link sender state changed: <LinkState.ATTACH_SENT: 1> -> <LinkState.ATTACHED: 3>
21:31:13,665 azure.eventhub._pyamqp.link INFO Link state changed: <LinkState.DETACHED: 0> -> <LinkState.ATTACH_SENT: 1>
21:31:13,710 azure.eventhub._pyamqp.link INFO Link state changed: <LinkState.ATTACH_SENT: 1> -> <LinkState.ATTACHED: 3>
21:31:13,830 werkzeug INFO 127.0.0.1 - - [23/Apr/2023 21:31:13] "POST /up-noah_data HTTP/1.1" 200 -
21:33:38,53 azure.identity._credentials.environment INFO No environment configuration found.
21:33:38,54 azure.identity._credentials.managed_identity INFO ManagedIdentityCredential will use IMDS
21:33:38,317 werkzeug INFO [31m[1mWARNING: This is a development server. Do not use it in a production deployment. Use a production WSGI server instead.[0m
 * Running on all addresses (0.0.0.0)
 * Running on http://127.0.0.1:5001
 * Running on http://192.168.100.47:5001
21:33:38,317 werkzeug INFO [33mPress CTRL+C to quit[0m
21:33:54,461 azure.eventhub._pyamqp._connection INFO Connection state changed: None -> <ConnectionState.START: 0>
21:33:54,548 azure.eventhub._pyamqp._connection INFO Connection state changed: <ConnectionState.START: 0> -> <ConnectionState.HDR_SENT: 2>
21:33:54,549 azure.eventhub._pyamqp._connection INFO Connection state changed: <ConnectionState.HDR_SENT: 2> -> <ConnectionState.HDR_SENT: 2>
21:33:54,549 azure.eventhub._pyamqp._connection INFO Connection state changed: <ConnectionState.HDR_SENT: 2> -> <ConnectionState.OPEN_PIPE: 4>
21:33:54,550 azure.eventhub._pyamqp.session INFO Session state changed: <SessionState.UNMAPPED: 0> -> <SessionState.BEGIN_SENT: 1>
21:33:54,551 azure.eventhub._pyamqp.link INFO Link state changed: <LinkState.DETACHED: 0> -> <LinkState.ATTACH_SENT: 1>
21:33:54,551 azure.eventhub._pyamqp.management_link INFO Management link receiver state changed: <LinkState.DETACHED: 0> -> <LinkState.ATTACH_SENT: 1>
21:33:54,552 azure.eventhub._pyamqp.link INFO Link state changed: <LinkState.DETACHED: 0> -> <LinkState.ATTACH_SENT: 1>
21:33:54,552 azure.eventhub._pyamqp.management_link INFO Management link sender state changed: <LinkState.DETACHED: 0> -> <LinkState.ATTACH_SENT: 1>
21:33:54,587 azure.eventhub._pyamqp._connection INFO Connection state changed: <ConnectionState.OPEN_PIPE: 4> -> <ConnectionState.OPEN_SENT: 7>
21:33:54,638 azure.eventhub._pyamqp._connection INFO Connection state changed: <ConnectionState.OPEN_SENT: 7> -> <ConnectionState.OPENED: 9>
21:33:54,689 azure.eventhub._pyamqp.session INFO Session state changed: <SessionState.BEGIN_SENT: 1> -> <SessionState.MAPPED: 3>
21:33:54,741 azure.eventhub._pyamqp.link INFO Link state changed: <LinkState.ATTACH_SENT: 1> -> <LinkState.ATTACHED: 3>
21:33:54,741 azure.eventhub._pyamqp.management_link INFO Management link receiver state changed: <LinkState.ATTACH_SENT: 1> -> <LinkState.ATTACHED: 3>
21:33:54,792 azure.eventhub._pyamqp.link INFO Link state changed: <LinkState.ATTACH_SENT: 1> -> <LinkState.ATTACHED: 3>
21:33:54,793 azure.eventhub._pyamqp.management_link INFO Management link sender state changed: <LinkState.ATTACH_SENT: 1> -> <LinkState.ATTACHED: 3>
21:33:54,996 azure.eventhub._pyamqp.link INFO Link state changed: <LinkState.DETACHED: 0> -> <LinkState.ATTACH_SENT: 1>
21:33:55,35 azure.eventhub._pyamqp.link INFO Link state changed: <LinkState.ATTACH_SENT: 1> -> <LinkState.ATTACHED: 3>
21:33:55,164 werkzeug INFO 127.0.0.1 - - [23/Apr/2023 21:33:55] "POST /up-noah_data HTTP/1.1" 200 -
21:35:49,731 azure.identity._credentials.environment INFO No environment configuration found.
21:35:49,732 azure.identity._credentials.managed_identity INFO ManagedIdentityCredential will use IMDS
21:35:50,5 werkzeug INFO [31m[1mWARNING: This is a development server. Do not use it in a production deployment. Use a production WSGI server instead.[0m
 * Running on all addresses (0.0.0.0)
 * Running on http://127.0.0.1:5001
 * Running on http://192.168.100.47:5001
21:35:50,5 werkzeug INFO [33mPress CTRL+C to quit[0m
21:35:57,315 azure.eventhub._pyamqp._connection INFO Connection state changed: None -> <ConnectionState.START: 0>
21:35:57,403 azure.eventhub._pyamqp._connection INFO Connection state changed: <ConnectionState.START: 0> -> <ConnectionState.HDR_SENT: 2>
21:35:57,403 azure.eventhub._pyamqp._connection INFO Connection state changed: <ConnectionState.HDR_SENT: 2> -> <ConnectionState.HDR_SENT: 2>
21:35:57,404 azure.eventhub._pyamqp._connection INFO Connection state changed: <ConnectionState.HDR_SENT: 2> -> <ConnectionState.OPEN_PIPE: 4>
21:35:57,404 azure.eventhub._pyamqp.session INFO Session state changed: <SessionState.UNMAPPED: 0> -> <SessionState.BEGIN_SENT: 1>
21:35:57,405 azure.eventhub._pyamqp.link INFO Link state changed: <LinkState.DETACHED: 0> -> <LinkState.ATTACH_SENT: 1>
21:35:57,405 azure.eventhub._pyamqp.management_link INFO Management link receiver state changed: <LinkState.DETACHED: 0> -> <LinkState.ATTACH_SENT: 1>
21:35:57,406 azure.eventhub._pyamqp.link INFO Link state changed: <LinkState.DETACHED: 0> -> <LinkState.ATTACH_SENT: 1>
21:35:57,406 azure.eventhub._pyamqp.management_link INFO Management link sender state changed: <LinkState.DETACHED: 0> -> <LinkState.ATTACH_SENT: 1>
21:35:57,443 azure.eventhub._pyamqp._connection INFO Connection state changed: <ConnectionState.OPEN_PIPE: 4> -> <ConnectionState.OPEN_SENT: 7>
21:35:57,494 azure.eventhub._pyamqp._connection INFO Connection state changed: <ConnectionState.OPEN_SENT: 7> -> <ConnectionState.OPENED: 9>
21:35:57,544 azure.eventhub._pyamqp.session INFO Session state changed: <SessionState.BEGIN_SENT: 1> -> <SessionState.MAPPED: 3>
21:35:57,595 azure.eventhub._pyamqp.link INFO Link state changed: <LinkState.ATTACH_SENT: 1> -> <LinkState.ATTACHED: 3>
21:35:57,595 azure.eventhub._pyamqp.management_link INFO Management link receiver state changed: <LinkState.ATTACH_SENT: 1> -> <LinkState.ATTACHED: 3>
21:35:57,647 azure.eventhub._pyamqp.link INFO Link state changed: <LinkState.ATTACH_SENT: 1> -> <LinkState.ATTACHED: 3>
21:35:57,647 azure.eventhub._pyamqp.management_link INFO Management link sender state changed: <LinkState.ATTACH_SENT: 1> -> <LinkState.ATTACHED: 3>
21:35:57,855 azure.eventhub._pyamqp.link INFO Link state changed: <LinkState.DETACHED: 0> -> <LinkState.ATTACH_SENT: 1>
21:35:57,893 azure.eventhub._pyamqp.link INFO Link state changed: <LinkState.ATTACH_SENT: 1> -> <LinkState.ATTACHED: 3>
21:35:58,10 werkzeug INFO 127.0.0.1 - - [23/Apr/2023 21:35:58] "POST /up-noah_data HTTP/1.1" 200 -
21:38:11,235 azure.identity._credentials.environment INFO No environment configuration found.
21:38:11,237 azure.identity._credentials.managed_identity INFO ManagedIdentityCredential will use IMDS
21:38:41,618 azure.identity._credentials.environment INFO No environment configuration found.
21:38:41,620 azure.identity._credentials.managed_identity INFO ManagedIdentityCredential will use IMDS
21:38:41,917 werkzeug INFO [31m[1mWARNING: This is a development server. Do not use it in a production deployment. Use a production WSGI server instead.[0m
 * Running on all addresses (0.0.0.0)
 * Running on http://127.0.0.1:5001
 * Running on http://192.168.100.47:5001
21:38:41,918 werkzeug INFO [33mPress CTRL+C to quit[0m
21:39:03,821 azure.eventhub._pyamqp._connection INFO Connection state changed: None -> <ConnectionState.START: 0>
21:39:03,905 azure.eventhub._pyamqp._connection INFO Connection state changed: <ConnectionState.START: 0> -> <ConnectionState.HDR_SENT: 2>
21:39:03,905 azure.eventhub._pyamqp._connection INFO Connection state changed: <ConnectionState.HDR_SENT: 2> -> <ConnectionState.HDR_SENT: 2>
21:39:03,905 azure.eventhub._pyamqp._connection INFO Connection state changed: <ConnectionState.HDR_SENT: 2> -> <ConnectionState.OPEN_PIPE: 4>
21:39:03,906 azure.eventhub._pyamqp.session INFO Session state changed: <SessionState.UNMAPPED: 0> -> <SessionState.BEGIN_SENT: 1>
21:39:03,906 azure.eventhub._pyamqp.link INFO Link state changed: <LinkState.DETACHED: 0> -> <LinkState.ATTACH_SENT: 1>
21:39:03,906 azure.eventhub._pyamqp.management_link INFO Management link receiver state changed: <LinkState.DETACHED: 0> -> <LinkState.ATTACH_SENT: 1>
21:39:03,907 azure.eventhub._pyamqp.link INFO Link state changed: <LinkState.DETACHED: 0> -> <LinkState.ATTACH_SENT: 1>
21:39:03,907 azure.eventhub._pyamqp.management_link INFO Management link sender state changed: <LinkState.DETACHED: 0> -> <LinkState.ATTACH_SENT: 1>
21:39:03,944 azure.eventhub._pyamqp._connection INFO Connection state changed: <ConnectionState.OPEN_PIPE: 4> -> <ConnectionState.OPEN_SENT: 7>
21:39:03,996 azure.eventhub._pyamqp._connection INFO Connection state changed: <ConnectionState.OPEN_SENT: 7> -> <ConnectionState.OPENED: 9>
21:39:04,47 azure.eventhub._pyamqp.session INFO Session state changed: <SessionState.BEGIN_SENT: 1> -> <SessionState.MAPPED: 3>
21:39:04,100 azure.eventhub._pyamqp.link INFO Link state changed: <LinkState.ATTACH_SENT: 1> -> <LinkState.ATTACHED: 3>
21:39:04,101 azure.eventhub._pyamqp.management_link INFO Management link receiver state changed: <LinkState.ATTACH_SENT: 1> -> <LinkState.ATTACHED: 3>
21:39:04,153 azure.eventhub._pyamqp.link INFO Link state changed: <LinkState.ATTACH_SENT: 1> -> <LinkState.ATTACHED: 3>
21:39:04,154 azure.eventhub._pyamqp.management_link INFO Management link sender state changed: <LinkState.ATTACH_SENT: 1> -> <LinkState.ATTACHED: 3>
21:39:04,361 azure.eventhub._pyamqp.link INFO Link state changed: <LinkState.DETACHED: 0> -> <LinkState.ATTACH_SENT: 1>
21:39:04,401 azure.eventhub._pyamqp.link INFO Link state changed: <LinkState.ATTACH_SENT: 1> -> <LinkState.ATTACHED: 3>
21:39:04,519 werkzeug INFO 127.0.0.1 - - [23/Apr/2023 21:39:04] "POST /up-noah_data HTTP/1.1" 200 -
21:41:07,194 azure.identity._credentials.environment INFO No environment configuration found.
21:41:07,196 azure.identity._credentials.managed_identity INFO ManagedIdentityCredential will use IMDS
21:41:07,488 werkzeug INFO [31m[1mWARNING: This is a development server. Do not use it in a production deployment. Use a production WSGI server instead.[0m
 * Running on all addresses (0.0.0.0)
 * Running on http://127.0.0.1:5001
 * Running on http://192.168.100.47:5001
21:41:07,488 werkzeug INFO [33mPress CTRL+C to quit[0m
21:41:20,956 azure.eventhub._pyamqp._connection INFO Connection state changed: None -> <ConnectionState.START: 0>
21:41:21,45 azure.eventhub._pyamqp._connection INFO Connection state changed: <ConnectionState.START: 0> -> <ConnectionState.HDR_SENT: 2>
21:41:21,45 azure.eventhub._pyamqp._connection INFO Connection state changed: <ConnectionState.HDR_SENT: 2> -> <ConnectionState.HDR_SENT: 2>
21:41:21,46 azure.eventhub._pyamqp._connection INFO Connection state changed: <ConnectionState.HDR_SENT: 2> -> <ConnectionState.OPEN_PIPE: 4>
21:41:21,46 azure.eventhub._pyamqp.session INFO Session state changed: <SessionState.UNMAPPED: 0> -> <SessionState.BEGIN_SENT: 1>
21:41:21,47 azure.eventhub._pyamqp.link INFO Link state changed: <LinkState.DETACHED: 0> -> <LinkState.ATTACH_SENT: 1>
21:41:21,47 azure.eventhub._pyamqp.management_link INFO Management link receiver state changed: <LinkState.DETACHED: 0> -> <LinkState.ATTACH_SENT: 1>
21:41:21,48 azure.eventhub._pyamqp.link INFO Link state changed: <LinkState.DETACHED: 0> -> <LinkState.ATTACH_SENT: 1>
21:41:21,48 azure.eventhub._pyamqp.management_link INFO Management link sender state changed: <LinkState.DETACHED: 0> -> <LinkState.ATTACH_SENT: 1>
21:41:21,85 azure.eventhub._pyamqp._connection INFO Connection state changed: <ConnectionState.OPEN_PIPE: 4> -> <ConnectionState.OPEN_SENT: 7>
21:41:21,137 azure.eventhub._pyamqp._connection INFO Connection state changed: <ConnectionState.OPEN_SENT: 7> -> <ConnectionState.OPENED: 9>
21:41:21,189 azure.eventhub._pyamqp.session INFO Session state changed: <SessionState.BEGIN_SENT: 1> -> <SessionState.MAPPED: 3>
21:41:21,241 azure.eventhub._pyamqp.link INFO Link state changed: <LinkState.ATTACH_SENT: 1> -> <LinkState.ATTACHED: 3>
21:41:21,241 azure.eventhub._pyamqp.management_link INFO Management link receiver state changed: <LinkState.ATTACH_SENT: 1> -> <LinkState.ATTACHED: 3>
21:41:21,293 azure.eventhub._pyamqp.link INFO Link state changed: <LinkState.ATTACH_SENT: 1> -> <LinkState.ATTACHED: 3>
21:41:21,293 azure.eventhub._pyamqp.management_link INFO Management link sender state changed: <LinkState.ATTACH_SENT: 1> -> <LinkState.ATTACHED: 3>
21:41:21,498 azure.eventhub._pyamqp.link INFO Link state changed: <LinkState.DETACHED: 0> -> <LinkState.ATTACH_SENT: 1>
21:41:21,544 azure.eventhub._pyamqp.link INFO Link state changed: <LinkState.ATTACH_SENT: 1> -> <LinkState.ATTACHED: 3>
21:41:21,688 werkzeug INFO 127.0.0.1 - - [23/Apr/2023 21:41:21] "POST /up-noah_data HTTP/1.1" 200 -
21:43:48,867 azure.identity._credentials.environment INFO No environment configuration found.
21:43:48,869 azure.identity._credentials.managed_identity INFO ManagedIdentityCredential will use IMDS
21:43:49,159 werkzeug INFO [31m[1mWARNING: This is a development server. Do not use it in a production deployment. Use a production WSGI server instead.[0m
 * Running on all addresses (0.0.0.0)
 * Running on http://127.0.0.1:5001
 * Running on http://192.168.100.47:5001
21:43:49,159 werkzeug INFO [33mPress CTRL+C to quit[0m
21:44:02,811 azure.eventhub._pyamqp._connection INFO Connection state changed: None -> <ConnectionState.START: 0>
21:44:02,893 azure.eventhub._pyamqp._connection INFO Connection state changed: <ConnectionState.START: 0> -> <ConnectionState.HDR_SENT: 2>
21:44:02,893 azure.eventhub._pyamqp._connection INFO Connection state changed: <ConnectionState.HDR_SENT: 2> -> <ConnectionState.HDR_SENT: 2>
21:44:02,894 azure.eventhub._pyamqp._connection INFO Connection state changed: <ConnectionState.HDR_SENT: 2> -> <ConnectionState.OPEN_PIPE: 4>
21:44:02,894 azure.eventhub._pyamqp.session INFO Session state changed: <SessionState.UNMAPPED: 0> -> <SessionState.BEGIN_SENT: 1>
21:44:02,894 azure.eventhub._pyamqp.link INFO Link state changed: <LinkState.DETACHED: 0> -> <LinkState.ATTACH_SENT: 1>
21:44:02,895 azure.eventhub._pyamqp.management_link INFO Management link receiver state changed: <LinkState.DETACHED: 0> -> <LinkState.ATTACH_SENT: 1>
21:44:02,895 azure.eventhub._pyamqp.link INFO Link state changed: <LinkState.DETACHED: 0> -> <LinkState.ATTACH_SENT: 1>
21:44:02,895 azure.eventhub._pyamqp.management_link INFO Management link sender state changed: <LinkState.DETACHED: 0> -> <LinkState.ATTACH_SENT: 1>
21:44:02,931 azure.eventhub._pyamqp._connection INFO Connection state changed: <ConnectionState.OPEN_PIPE: 4> -> <ConnectionState.OPEN_SENT: 7>
21:44:02,982 azure.eventhub._pyamqp._connection INFO Connection state changed: <ConnectionState.OPEN_SENT: 7> -> <ConnectionState.OPENED: 9>
21:44:03,33 azure.eventhub._pyamqp.session INFO Session state changed: <SessionState.BEGIN_SENT: 1> -> <SessionState.MAPPED: 3>
21:44:03,86 azure.eventhub._pyamqp.link INFO Link state changed: <LinkState.ATTACH_SENT: 1> -> <LinkState.ATTACHED: 3>
21:44:03,86 azure.eventhub._pyamqp.management_link INFO Management link receiver state changed: <LinkState.ATTACH_SENT: 1> -> <LinkState.ATTACHED: 3>
21:44:03,137 azure.eventhub._pyamqp.link INFO Link state changed: <LinkState.ATTACH_SENT: 1> -> <LinkState.ATTACHED: 3>
21:44:03,137 azure.eventhub._pyamqp.management_link INFO Management link sender state changed: <LinkState.ATTACH_SENT: 1> -> <LinkState.ATTACHED: 3>
21:44:03,341 azure.eventhub._pyamqp.link INFO Link state changed: <LinkState.DETACHED: 0> -> <LinkState.ATTACH_SENT: 1>
21:44:03,381 azure.eventhub._pyamqp.link INFO Link state changed: <LinkState.ATTACH_SENT: 1> -> <LinkState.ATTACHED: 3>
21:44:03,505 werkzeug INFO 127.0.0.1 - - [23/Apr/2023 21:44:03] "POST /up-noah_data HTTP/1.1" 200 -
21:47:17,147 azure.identity._credentials.environment INFO No environment configuration found.
21:47:17,148 azure.identity._credentials.managed_identity INFO ManagedIdentityCredential will use IMDS
21:47:17,434 werkzeug INFO [31m[1mWARNING: This is a development server. Do not use it in a production deployment. Use a production WSGI server instead.[0m
 * Running on all addresses (0.0.0.0)
 * Running on http://127.0.0.1:5001
 * Running on http://192.168.100.47:5001
21:47:17,434 werkzeug INFO [33mPress CTRL+C to quit[0m
21:47:36,719 azure.eventhub._pyamqp._connection INFO Connection state changed: None -> <ConnectionState.START: 0>
21:47:36,807 azure.eventhub._pyamqp._connection INFO Connection state changed: <ConnectionState.START: 0> -> <ConnectionState.HDR_SENT: 2>
21:47:36,807 azure.eventhub._pyamqp._connection INFO Connection state changed: <ConnectionState.HDR_SENT: 2> -> <ConnectionState.HDR_SENT: 2>
21:47:36,808 azure.eventhub._pyamqp._connection INFO Connection state changed: <ConnectionState.HDR_SENT: 2> -> <ConnectionState.OPEN_PIPE: 4>
21:47:36,808 azure.eventhub._pyamqp.session INFO Session state changed: <SessionState.UNMAPPED: 0> -> <SessionState.BEGIN_SENT: 1>
21:47:36,809 azure.eventhub._pyamqp.link INFO Link state changed: <LinkState.DETACHED: 0> -> <LinkState.ATTACH_SENT: 1>
21:47:36,810 azure.eventhub._pyamqp.management_link INFO Management link receiver state changed: <LinkState.DETACHED: 0> -> <LinkState.ATTACH_SENT: 1>
21:47:36,810 azure.eventhub._pyamqp.link INFO Link state changed: <LinkState.DETACHED: 0> -> <LinkState.ATTACH_SENT: 1>
21:47:36,810 azure.eventhub._pyamqp.management_link INFO Management link sender state changed: <LinkState.DETACHED: 0> -> <LinkState.ATTACH_SENT: 1>
21:47:36,846 azure.eventhub._pyamqp._connection INFO Connection state changed: <ConnectionState.OPEN_PIPE: 4> -> <ConnectionState.OPEN_SENT: 7>
21:47:36,897 azure.eventhub._pyamqp._connection INFO Connection state changed: <ConnectionState.OPEN_SENT: 7> -> <ConnectionState.OPENED: 9>
21:47:36,947 azure.eventhub._pyamqp.session INFO Session state changed: <SessionState.BEGIN_SENT: 1> -> <SessionState.MAPPED: 3>
21:47:37,0 azure.eventhub._pyamqp.link INFO Link state changed: <LinkState.ATTACH_SENT: 1> -> <LinkState.ATTACHED: 3>
21:47:37,0 azure.eventhub._pyamqp.management_link INFO Management link receiver state changed: <LinkState.ATTACH_SENT: 1> -> <LinkState.ATTACHED: 3>
21:47:37,52 azure.eventhub._pyamqp.link INFO Link state changed: <LinkState.ATTACH_SENT: 1> -> <LinkState.ATTACHED: 3>
21:47:37,52 azure.eventhub._pyamqp.management_link INFO Management link sender state changed: <LinkState.ATTACH_SENT: 1> -> <LinkState.ATTACHED: 3>
21:47:37,258 azure.eventhub._pyamqp.link INFO Link state changed: <LinkState.DETACHED: 0> -> <LinkState.ATTACH_SENT: 1>
21:47:37,299 azure.eventhub._pyamqp.link INFO Link state changed: <LinkState.ATTACH_SENT: 1> -> <LinkState.ATTACHED: 3>
21:47:37,889 werkzeug INFO 127.0.0.1 - - [23/Apr/2023 21:47:37] "POST /up-noah_data HTTP/1.1" 200 -
21:52:49,801 azure.identity._credentials.environment INFO No environment configuration found.
21:52:49,803 azure.identity._credentials.managed_identity INFO ManagedIdentityCredential will use IMDS
21:52:50,106 werkzeug INFO [31m[1mWARNING: This is a development server. Do not use it in a production deployment. Use a production WSGI server instead.[0m
 * Running on all addresses (0.0.0.0)
 * Running on http://127.0.0.1:5001
 * Running on http://192.168.100.47:5001
21:52:50,107 werkzeug INFO [33mPress CTRL+C to quit[0m
21:53:12,137 azure.eventhub._pyamqp._connection INFO Connection state changed: None -> <ConnectionState.START: 0>
21:53:12,220 azure.eventhub._pyamqp._connection INFO Connection state changed: <ConnectionState.START: 0> -> <ConnectionState.HDR_SENT: 2>
21:53:12,221 azure.eventhub._pyamqp._connection INFO Connection state changed: <ConnectionState.HDR_SENT: 2> -> <ConnectionState.HDR_SENT: 2>
21:53:12,221 azure.eventhub._pyamqp._connection INFO Connection state changed: <ConnectionState.HDR_SENT: 2> -> <ConnectionState.OPEN_PIPE: 4>
21:53:12,222 azure.eventhub._pyamqp.session INFO Session state changed: <SessionState.UNMAPPED: 0> -> <SessionState.BEGIN_SENT: 1>
21:53:12,223 azure.eventhub._pyamqp.link INFO Link state changed: <LinkState.DETACHED: 0> -> <LinkState.ATTACH_SENT: 1>
21:53:12,223 azure.eventhub._pyamqp.management_link INFO Management link receiver state changed: <LinkState.DETACHED: 0> -> <LinkState.ATTACH_SENT: 1>
21:53:12,223 azure.eventhub._pyamqp.link INFO Link state changed: <LinkState.DETACHED: 0> -> <LinkState.ATTACH_SENT: 1>
21:53:12,223 azure.eventhub._pyamqp.management_link INFO Management link sender state changed: <LinkState.DETACHED: 0> -> <LinkState.ATTACH_SENT: 1>
21:53:12,261 azure.eventhub._pyamqp._connection INFO Connection state changed: <ConnectionState.OPEN_PIPE: 4> -> <ConnectionState.OPEN_SENT: 7>
21:53:12,312 azure.eventhub._pyamqp._connection INFO Connection state changed: <ConnectionState.OPEN_SENT: 7> -> <ConnectionState.OPENED: 9>
21:53:12,364 azure.eventhub._pyamqp.session INFO Session state changed: <SessionState.BEGIN_SENT: 1> -> <SessionState.MAPPED: 3>
21:53:12,416 azure.eventhub._pyamqp.link INFO Link state changed: <LinkState.ATTACH_SENT: 1> -> <LinkState.ATTACHED: 3>
21:53:12,416 azure.eventhub._pyamqp.management_link INFO Management link receiver state changed: <LinkState.ATTACH_SENT: 1> -> <LinkState.ATTACHED: 3>
21:53:12,467 azure.eventhub._pyamqp.link INFO Link state changed: <LinkState.ATTACH_SENT: 1> -> <LinkState.ATTACHED: 3>
21:53:12,467 azure.eventhub._pyamqp.management_link INFO Management link sender state changed: <LinkState.ATTACH_SENT: 1> -> <LinkState.ATTACHED: 3>
21:53:12,673 azure.eventhub._pyamqp.link INFO Link state changed: <LinkState.DETACHED: 0> -> <LinkState.ATTACH_SENT: 1>
21:53:12,710 azure.eventhub._pyamqp.link INFO Link state changed: <LinkState.ATTACH_SENT: 1> -> <LinkState.ATTACHED: 3>
21:53:12,831 werkzeug INFO 127.0.0.1 - - [23/Apr/2023 21:53:12] "POST /up-noah_data HTTP/1.1" 200 -
21:53:44,70 azure.eventhub._pyamqp._connection INFO Connection state changed: None -> <ConnectionState.START: 0>
21:53:44,158 azure.eventhub._pyamqp._connection INFO Connection state changed: <ConnectionState.START: 0> -> <ConnectionState.HDR_SENT: 2>
21:53:44,159 azure.eventhub._pyamqp._connection INFO Connection state changed: <ConnectionState.HDR_SENT: 2> -> <ConnectionState.HDR_SENT: 2>
21:53:44,159 azure.eventhub._pyamqp._connection INFO Connection state changed: <ConnectionState.HDR_SENT: 2> -> <ConnectionState.OPEN_PIPE: 4>
21:53:44,159 azure.eventhub._pyamqp.session INFO Session state changed: <SessionState.UNMAPPED: 0> -> <SessionState.BEGIN_SENT: 1>
21:53:44,159 azure.eventhub._pyamqp.link INFO Link state changed: <LinkState.DETACHED: 0> -> <LinkState.ATTACH_SENT: 1>
21:53:44,159 azure.eventhub._pyamqp.management_link INFO Management link receiver state changed: <LinkState.DETACHED: 0> -> <LinkState.ATTACH_SENT: 1>
21:53:44,160 azure.eventhub._pyamqp.link INFO Link state changed: <LinkState.DETACHED: 0> -> <LinkState.ATTACH_SENT: 1>
21:53:44,160 azure.eventhub._pyamqp.management_link INFO Management link sender state changed: <LinkState.DETACHED: 0> -> <LinkState.ATTACH_SENT: 1>
21:53:44,196 azure.eventhub._pyamqp._connection INFO Connection state changed: <ConnectionState.OPEN_PIPE: 4> -> <ConnectionState.OPEN_SENT: 7>
21:53:44,247 azure.eventhub._pyamqp._connection INFO Connection state changed: <ConnectionState.OPEN_SENT: 7> -> <ConnectionState.OPENED: 9>
21:53:44,298 azure.eventhub._pyamqp.session INFO Session state changed: <SessionState.BEGIN_SENT: 1> -> <SessionState.MAPPED: 3>
21:53:44,349 azure.eventhub._pyamqp.link INFO Link state changed: <LinkState.ATTACH_SENT: 1> -> <LinkState.ATTACHED: 3>
21:53:44,349 azure.eventhub._pyamqp.management_link INFO Management link receiver state changed: <LinkState.ATTACH_SENT: 1> -> <LinkState.ATTACHED: 3>
21:53:44,399 azure.eventhub._pyamqp.link INFO Link state changed: <LinkState.ATTACH_SENT: 1> -> <LinkState.ATTACHED: 3>
21:53:44,400 azure.eventhub._pyamqp.management_link INFO Management link sender state changed: <LinkState.ATTACH_SENT: 1> -> <LinkState.ATTACHED: 3>
21:53:44,603 azure.eventhub._pyamqp.link INFO Link state changed: <LinkState.DETACHED: 0> -> <LinkState.ATTACH_SENT: 1>
21:53:44,646 azure.eventhub._pyamqp.link INFO Link state changed: <LinkState.ATTACH_SENT: 1> -> <LinkState.ATTACHED: 3>
21:53:44,759 werkzeug INFO 127.0.0.1 - - [23/Apr/2023 21:53:44] "POST /up-noah_data HTTP/1.1" 200 -
21:53:46,570 azure.eventhub._pyamqp._connection INFO Connection state changed: None -> <ConnectionState.START: 0>
21:53:46,661 azure.eventhub._pyamqp._connection INFO Connection state changed: <ConnectionState.START: 0> -> <ConnectionState.HDR_SENT: 2>
21:53:46,661 azure.eventhub._pyamqp._connection INFO Connection state changed: <ConnectionState.HDR_SENT: 2> -> <ConnectionState.HDR_SENT: 2>
21:53:46,662 azure.eventhub._pyamqp._connection INFO Connection state changed: <ConnectionState.HDR_SENT: 2> -> <ConnectionState.OPEN_PIPE: 4>
21:53:46,662 azure.eventhub._pyamqp.session INFO Session state changed: <SessionState.UNMAPPED: 0> -> <SessionState.BEGIN_SENT: 1>
21:53:46,663 azure.eventhub._pyamqp.link INFO Link state changed: <LinkState.DETACHED: 0> -> <LinkState.ATTACH_SENT: 1>
21:53:46,663 azure.eventhub._pyamqp.management_link INFO Management link receiver state changed: <LinkState.DETACHED: 0> -> <LinkState.ATTACH_SENT: 1>
21:53:46,663 azure.eventhub._pyamqp.link INFO Link state changed: <LinkState.DETACHED: 0> -> <LinkState.ATTACH_SENT: 1>
21:53:46,663 azure.eventhub._pyamqp.management_link INFO Management link sender state changed: <LinkState.DETACHED: 0> -> <LinkState.ATTACH_SENT: 1>
21:53:46,705 azure.eventhub._pyamqp._connection INFO Connection state changed: <ConnectionState.OPEN_PIPE: 4> -> <ConnectionState.OPEN_SENT: 7>
21:53:46,756 azure.eventhub._pyamqp._connection INFO Connection state changed: <ConnectionState.OPEN_SENT: 7> -> <ConnectionState.OPENED: 9>
21:53:46,807 azure.eventhub._pyamqp.session INFO Session state changed: <SessionState.BEGIN_SENT: 1> -> <SessionState.MAPPED: 3>
21:53:46,858 azure.eventhub._pyamqp.link INFO Link state changed: <LinkState.ATTACH_SENT: 1> -> <LinkState.ATTACHED: 3>
21:53:46,858 azure.eventhub._pyamqp.management_link INFO Management link receiver state changed: <LinkState.ATTACH_SENT: 1> -> <LinkState.ATTACHED: 3>
21:53:46,909 azure.eventhub._pyamqp.link INFO Link state changed: <LinkState.ATTACH_SENT: 1> -> <LinkState.ATTACHED: 3>
21:53:46,909 azure.eventhub._pyamqp.management_link INFO Management link sender state changed: <LinkState.ATTACH_SENT: 1> -> <LinkState.ATTACHED: 3>
21:53:47,115 azure.eventhub._pyamqp.link INFO Link state changed: <LinkState.DETACHED: 0> -> <LinkState.ATTACH_SENT: 1>
21:53:47,157 azure.eventhub._pyamqp.link INFO Link state changed: <LinkState.ATTACH_SENT: 1> -> <LinkState.ATTACHED: 3>
21:53:47,270 werkzeug INFO 127.0.0.1 - - [23/Apr/2023 21:53:47] "POST /up-noah_data HTTP/1.1" 200 -
